Uninstall.lst
Uninstall.exe
Zip.SFX
Default.SFX
WinCon.SFX
WhatsNew.txt
File_Id.diz
Rar.txt
TechNote.txt
RarFiles.lst
Order.htm
License.txt
RarExt64.dll
RarExtLoader.exe
Descript.ion
UnrarSrc.txt
ReadMe.txt
WinRAR.chm
Formats\7z.fmt
Formats\ace.fmt
Formats\arj.fmt
Formats\bz2.fmt
Formats\cab.fmt
Formats\gz.fmt
Formats\iso.fmt
Formats\lzh.fmt
Formats\tar.fmt
Formats\uue.fmt
Formats\z.fmt
Formats\UNACEV2.DLL
Formats\7zxa.dll
Formats
RarExt.dll
Rar.exe
UnRAR.exe
WinRAR.exe
winrar.gid
winrar.fts
rarlng.dll
rarnew.dat
zipnew.dat
rar.lng
rarext.lng
setup.lng
sfx.lng
uninstall.lng
winrar.lng
